<?xml version="1.0" encoding="UTF-8"?>
<!-- Generated by org.testng.reporters.JUnitReportReporter -->
<testsuite hostname="JAVA" name="maven_grp.MavenProject.GetPropertyFile" tests="1" failures="0" timestamp="18 Sep 2014 10:15:28 GMT" time="21.269" errors="0">
  <testcase name="getPropertyFile" time="21.269" classname="maven_grp.MavenProject.GetPropertyFile"/>
</testsuite> <!-- maven_grp.MavenProject.GetPropertyFile -->
