<?xml version="1.0" encoding="UTF-8"?>
<!-- Generated by org.testng.reporters.JUnitReportReporter -->
<testsuite hostname="JAVA" name="maven_grp.MavenProject.NewWindowHandling" tests="1" failures="0" timestamp="18 Sep 2014 07:19:15 GMT" time="94.231" errors="0">
  <testcase name="handlingNewWindow" time="94.231" classname="maven_grp.MavenProject.NewWindowHandling"/>
</testsuite> <!-- maven_grp.MavenProject.NewWindowHandling -->
