<?xml version="1.0" encoding="UTF-8"?>
<!-- Generated by org.testng.reporters.JUnitReportReporter -->
<testsuite hostname="JAVA" name="maven_grp.MavenProject.ExcelSheetHandling" tests="1" failures="0" timestamp="18 Sep 2014 11:00:00 GMT" time="0.198" errors="0">
  <testcase name="handleExcelSheet" time="0.198" classname="maven_grp.MavenProject.ExcelSheetHandling"/>
</testsuite> <!-- maven_grp.MavenProject.ExcelSheetHandling -->
