<?xml version="1.0" encoding="UTF-8"?>
<!-- Generated by org.testng.reporters.JUnitReportReporter -->
<testsuite hostname="JAVA" name="maven_grp.MavenProject.MouseHoverAction" tests="1" failures="0" timestamp="17 Sep 2014 11:25:13 GMT" time="74.315" errors="0">
  <testcase name="actionMouseOver" time="74.315" classname="maven_grp.MavenProject.MouseHoverAction"/>
</testsuite> <!-- maven_grp.MavenProject.MouseHoverAction -->
