<?xml version="1.0" encoding="UTF-8"?>
<!-- Generated by org.testng.reporters.JUnitReportReporter -->
<testsuite hostname="JAVA" name="maven_grp.MavenProject.AddPost" tests="1" failures="0" timestamp="17 Sep 2014 07:25:33 GMT" time="89.299" errors="0">
  <testcase name="addPostToDashboard" time="89.299" classname="maven_grp.MavenProject.AddPost"/>
</testsuite> <!-- maven_grp.MavenProject.AddPost -->
