<?xml version="1.0" encoding="UTF-8"?>
<!-- Generated by org.testng.reporters.JUnitReportReporter -->
<testsuite hostname="JAVA" name="maven_grp.MavenProject.LocatorStrategy" tests="1" failures="0" timestamp="17 Sep 2014 05:54:58 GMT" time="63.330" errors="0">
  <testcase name="firstRun" time="63.330" classname="maven_grp.MavenProject.LocatorStrategy"/>
</testsuite> <!-- maven_grp.MavenProject.LocatorStrategy -->
