<?xml version="1.0" encoding="UTF-8"?>
<!-- Generated by org.testng.reporters.JUnitReportReporter -->
<testsuite hostname="JAVA" name="maven_grp.MavenProject.AlertHandling" tests="1" failures="0" timestamp="17 Sep 2014 10:00:52 GMT" time="383.288" errors="0">
  <testcase name="handleAlert" time="383.288" classname="maven_grp.MavenProject.AlertHandling"/>
</testsuite> <!-- maven_grp.MavenProject.AlertHandling -->
