<?xml version="1.0" encoding="UTF-8"?>
<!-- Generated by org.testng.reporters.JUnitReportReporter -->
<testsuite hostname="JAVA" name="maven_grp.MavenProject.CreateExcelSheet" tests="1" failures="0" timestamp="18 Sep 2014 11:45:55 GMT" time="0.255" errors="0">
  <testcase name="createExcel" time="0.255" classname="maven_grp.MavenProject.CreateExcelSheet"/>
</testsuite> <!-- maven_grp.MavenProject.CreateExcelSheet -->
