<?xml version="1.0" encoding="UTF-8"?>
<!-- Generated by org.testng.reporters.JUnitReportReporter -->
<testsuite hostname="JAVA" name="maven_grp.MavenProject.Logging" tests="1" failures="0" timestamp="19 Sep 2014 10:46:33 GMT" time="55.778" errors="0">
  <testcase name="testLogging" time="55.778" classname="maven_grp.MavenProject.Logging"/>
</testsuite> <!-- maven_grp.MavenProject.Logging -->
