<?xml version="1.0" encoding="UTF-8"?>
<!-- Generated by org.testng.reporters.JUnitReportReporter -->
<testsuite hostname="JAVA" name="maven_grp.MavenProject.ExcelUpdate" tests="1" failures="0" timestamp="18 Sep 2014 12:10:02 GMT" time="0.398" errors="0">
  <testcase name="updateExcelSheet" time="0.398" classname="maven_grp.MavenProject.ExcelUpdate"/>
</testsuite> <!-- maven_grp.MavenProject.ExcelUpdate -->
