<?xml version="1.0" encoding="UTF-8"?>
<!-- Generated by org.testng.reporters.JUnitReportReporter -->
<testsuite hostname="JAVA" name="maven_grp.MavenProject.DropDownHandling" tests="1" failures="0" timestamp="17 Sep 2014 11:32:09 GMT" time="146.863" errors="0">
  <testcase name="handleDropDown" time="146.863" classname="maven_grp.MavenProject.DropDownHandling"/>
</testsuite> <!-- maven_grp.MavenProject.DropDownHandling -->
