<?xml version="1.0" encoding="UTF-8"?>
<!-- Generated by org.testng.reporters.JUnitReportReporter -->
<testsuite hostname="JAVA" name="maven_grp.MavenProject.EnumCharacters" tests="1" failures="0" timestamp="18 Sep 2014 07:38:04 GMT" time="22.089" errors="0">
  <testcase name="enterCharacters" time="22.089" classname="maven_grp.MavenProject.EnumCharacters"/>
</testsuite> <!-- maven_grp.MavenProject.EnumCharacters -->
