<?xml version="1.0" encoding="UTF-8"?>
<!-- Generated by org.testng.reporters.JUnitReportReporter -->
<testsuite hostname="JAVA" name="maven_grp.MavenProject.ScreenshotCapturing" tests="1" failures="0" timestamp="18 Sep 2014 08:41:34 GMT" time="72.551" errors="0">
  <testcase name="captureScreenshot" time="72.551" classname="maven_grp.MavenProject.ScreenshotCapturing"/>
</testsuite> <!-- maven_grp.MavenProject.ScreenshotCapturing -->
