<?xml version="1.0" encoding="UTF-8"?>
<!-- Generated by org.testng.reporters.JUnitReportReporter -->
<testsuite hostname="JAVA" name="pageFactoryTest.TestPageObject" tests="1" failures="0" timestamp="19 Sep 2014 14:42:40 GMT" time="185.655" errors="0">
  <testcase name="updateSettings" time="185.655" classname="pageFactoryTest.TestPageObject"/>
</testsuite> <!-- pageFactoryTest.TestPageObject -->
