<?xml version="1.0" encoding="UTF-8"?>
<!-- Generated by org.testng.reporters.JUnitReportReporter -->
<testsuite hostname="JAVA" name="pageObjectTest.TestPageObject" tests="1" failures="0" timestamp="19 Sep 2014 15:00:07 GMT" time="216.887" errors="0">
  <testcase name="updateSettings" time="216.887" classname="pageObjectTest.TestPageObject"/>
</testsuite> <!-- pageObjectTest.TestPageObject -->
